2017-07-17 11:36:43,998 [10] INFO  Topshelf.Ninject.HostConfiguratorExtensions [(null)] - [Topshelf.Ninject] Integration Started in host.
2017-07-17 11:36:44,067 [10] DEBUG Topshelf.Ninject.HostConfiguratorExtensions [(null)] - Ninject kernel instantiated with 1 modules.
2017-07-17 11:36:44,073 [10] INFO  Topshelf.Ninject.HostConfiguratorExtensions [(null)] - [Topshelf.Ninject] Service configured to construct using Ninject.
2017-07-17 11:36:44,194 [10] INFO  Topshelf.HostFactory [(null)] - Configuration Result:
[Success] Name WinHA
[Success] DisplayName WinHA Service
[Success] Description HighAvailability Service for Windows!
[Success] ServiceName WinHA
2017-07-17 11:36:44,198 [10] INFO  Topshelf.HostConfigurators.HostConfiguratorImpl [(null)] - Topshelf v4.0.0.0, .NET Framework v4.0.30319.42000
2017-07-17 11:36:44,423 [10] DEBUG Topshelf.Builders.RunBuilder [(null)] - Running as a console application, creating the console host.
2017-07-17 11:36:44,430 [10] DEBUG Topshelf.Hosts.ConsoleRunHost [(null)] - Starting up as a console application
2017-07-17 11:36:44,433 [10] INFO  WinHA.Service.WinService [(null)] - WinService Start command received.
2017-07-17 11:36:44,435 [10] INFO  Topshelf.Hosts.ConsoleRunHost [(null)] - The WinHA service is now running, press Control+C to exit.
2017-07-17 11:36:45,184 [6] FATAL Topshelf.Hosts.ConsoleRunHost [(null)] - The service threw an unhandled exception
System.NotImplementedException: The method or operation is not implemented.
   at WinHA.Program.HandleTimer() in C:\Users\trunke\Documents\Visual Studio 2015\Projects\HA\WinHA\Program.cs:line 113
   at WinHA.Program.<>c.<<Main>b__0_7>d.MoveNext() in C:\Users\trunke\Documents\Visual Studio 2015\Projects\HA\WinHA\Program.cs:line 64
--- End of stack trace from previous location where exception was thrown ---
   at System.Runtime.CompilerServices.AsyncMethodBuilderCore.<>c.<ThrowAsync>b__6_1(Object state)
   at System.Threading.QueueUserWorkItemCallback.WaitCallback_Context(Object state)
   at System.Threading.ExecutionContext.RunInternal(ExecutionContext executionContext, ContextCallback callback, Object state, Boolean preserveSyncCtx)
   at System.Threading.ExecutionContext.Run(ExecutionContext executionContext, ContextCallback callback, Object state, Boolean preserveSyncCtx)
   at System.Threading.QueueUserWorkItemCallback.System.Threading.IThreadPoolWorkItem.ExecuteWorkItem()
   at System.Threading.ThreadPoolWorkQueue.Dispatch()
   at System.Threading._ThreadPoolWaitCallback.PerformWaitCallback()
2017-07-17 11:36:45,197 [10] INFO  Topshelf.Hosts.ConsoleRunHost [(null)] - Stopping the WinHA service
2017-07-17 11:36:45,199 [10] TRACE WinHA.Service.WinService [(null)] - WinService Stop command received.
2017-07-17 11:36:45,201 [10] INFO  Topshelf.Hosts.ConsoleRunHost [(null)] - The WinHA service has stopped.
2017-07-17 11:37:01,369 [10] INFO  Topshelf.Ninject.HostConfiguratorExtensions [(null)] - [Topshelf.Ninject] Integration Started in host.
2017-07-17 11:37:01,413 [10] DEBUG Topshelf.Ninject.HostConfiguratorExtensions [(null)] - Ninject kernel instantiated with 1 modules.
2017-07-17 11:37:01,433 [10] INFO  Topshelf.Ninject.HostConfiguratorExtensions [(null)] - [Topshelf.Ninject] Service configured to construct using Ninject.
2017-07-17 11:37:01,558 [10] INFO  Topshelf.HostFactory [(null)] - Configuration Result:
[Success] Name WinHA
[Success] DisplayName WinHA Service
[Success] Description HighAvailability Service for Windows!
[Success] ServiceName WinHA
2017-07-17 11:37:01,562 [10] INFO  Topshelf.HostConfigurators.HostConfiguratorImpl [(null)] - Topshelf v4.0.0.0, .NET Framework v4.0.30319.42000
2017-07-17 11:37:01,806 [10] DEBUG Topshelf.Builders.RunBuilder [(null)] - Running as a console application, creating the console host.
2017-07-17 11:37:01,813 [10] DEBUG Topshelf.Hosts.ConsoleRunHost [(null)] - Starting up as a console application
2017-07-17 11:37:01,816 [10] INFO  WinHA.Service.WinService [(null)] - WinService Start command received.
2017-07-17 11:37:01,817 [10] INFO  Topshelf.Hosts.ConsoleRunHost [(null)] - The WinHA service is now running, press Control+C to exit.
2017-07-17 11:51:24,701 [9] INFO  Topshelf.Ninject.HostConfiguratorExtensions [(null)] - [Topshelf.Ninject] Integration Started in host.
2017-07-17 11:51:24,729 [9] DEBUG Topshelf.Ninject.HostConfiguratorExtensions [(null)] - Ninject kernel instantiated with 1 modules.
2017-07-17 11:51:24,736 [9] INFO  Topshelf.Ninject.HostConfiguratorExtensions [(null)] - [Topshelf.Ninject] Service configured to construct using Ninject.
2017-07-17 11:51:24,790 [9] INFO  Topshelf.HostFactory [(null)] - Configuration Result:
[Success] Name WinHA
[Success] DisplayName WinHA Service
[Success] Description HighAvailability Service for Windows!
[Success] ServiceName WinHA
2017-07-17 11:51:24,794 [9] INFO  Topshelf.HostConfigurators.HostConfiguratorImpl [(null)] - Topshelf v4.0.0.0, .NET Framework v4.0.30319.42000
2017-07-17 11:51:24,941 [9] DEBUG Topshelf.Builders.RunBuilder [(null)] - Running as a console application, creating the console host.
2017-07-17 11:51:24,947 [9] DEBUG Topshelf.Hosts.ConsoleRunHost [(null)] - Starting up as a console application
2017-07-17 11:51:24,949 [9] INFO  WinHA.Service.WinService [(null)] - WinService Start command received.
2017-07-17 11:51:24,951 [9] INFO  Topshelf.Hosts.ConsoleRunHost [(null)] - The WinHA service is now running, press Control+C to exit.
2017-07-17 11:55:44,474 [9] INFO  Topshelf.Ninject.HostConfiguratorExtensions [(null)] - [Topshelf.Ninject] Integration Started in host.
2017-07-17 11:55:44,502 [9] DEBUG Topshelf.Ninject.HostConfiguratorExtensions [(null)] - Ninject kernel instantiated with 1 modules.
2017-07-17 11:55:44,509 [9] INFO  Topshelf.Ninject.HostConfiguratorExtensions [(null)] - [Topshelf.Ninject] Service configured to construct using Ninject.
2017-07-17 11:55:44,562 [9] INFO  Topshelf.HostFactory [(null)] - Configuration Result:
[Success] Name WinHA
[Success] DisplayName WinHA Service
[Success] Description HighAvailability Service for Windows!
[Success] ServiceName WinHA
2017-07-17 11:55:44,565 [9] INFO  Topshelf.HostConfigurators.HostConfiguratorImpl [(null)] - Topshelf v4.0.0.0, .NET Framework v4.0.30319.42000
2017-07-17 11:55:44,702 [9] DEBUG Topshelf.Builders.RunBuilder [(null)] - Running as a console application, creating the console host.
2017-07-17 11:55:44,708 [9] DEBUG Topshelf.Hosts.ConsoleRunHost [(null)] - Starting up as a console application
2017-07-17 11:55:44,711 [9] INFO  WinHA.Service.WinService [(null)] - WinService Start command received.
2017-07-17 11:55:44,713 [9] INFO  Topshelf.Hosts.ConsoleRunHost [(null)] - The WinHA service is now running, press Control+C to exit.
2017-07-17 11:56:00,326 [12] INFO  Topshelf.Hosts.ConsoleRunHost [(null)] - Control+C detected, attempting to stop service.
2017-07-17 11:56:00,331 [12] TRACE WinHA.Service.WinService [(null)] - WinService Stop command received.
2017-07-17 11:56:00,334 [9] INFO  Topshelf.Hosts.ConsoleRunHost [(null)] - The WinHA service has stopped.
2017-07-17 11:56:08,662 [10] INFO  Topshelf.Ninject.HostConfiguratorExtensions [(null)] - [Topshelf.Ninject] Integration Started in host.
2017-07-17 11:56:08,739 [10] DEBUG Topshelf.Ninject.HostConfiguratorExtensions [(null)] - Ninject kernel instantiated with 1 modules.
2017-07-17 11:56:08,746 [10] INFO  Topshelf.Ninject.HostConfiguratorExtensions [(null)] - [Topshelf.Ninject] Service configured to construct using Ninject.
2017-07-17 11:56:08,849 [10] INFO  Topshelf.HostFactory [(null)] - Configuration Result:
[Success] Name WinHA
[Success] DisplayName WinHA Service
[Success] Description HighAvailability Service for Windows!
[Success] ServiceName WinHA
2017-07-17 11:56:08,852 [10] INFO  Topshelf.HostConfigurators.HostConfiguratorImpl [(null)] - Topshelf v4.0.0.0, .NET Framework v4.0.30319.42000
2017-07-17 11:56:09,098 [10] DEBUG Topshelf.Builders.RunBuilder [(null)] - Running as a console application, creating the console host.
2017-07-17 11:56:09,108 [10] DEBUG Topshelf.Hosts.ConsoleRunHost [(null)] - Starting up as a console application
2017-07-17 11:56:09,111 [10] INFO  WinHA.Service.WinService [(null)] - WinService Start command received.
2017-07-17 11:56:09,112 [10] INFO  Topshelf.Hosts.ConsoleRunHost [(null)] - The WinHA service is now running, press Control+C to exit.
2017-07-17 11:56:34,976 [6] INFO  Topshelf.Hosts.ConsoleRunHost [(null)] - Control+C detected, attempting to stop service.
2017-07-17 11:56:34,978 [6] TRACE WinHA.Service.WinService [(null)] - WinService Stop command received.
2017-07-17 11:56:34,983 [10] INFO  Topshelf.Hosts.ConsoleRunHost [(null)] - The WinHA service has stopped.
2017-07-17 11:56:38,351 [10] INFO  Topshelf.Ninject.HostConfiguratorExtensions [(null)] - [Topshelf.Ninject] Integration Started in host.
2017-07-17 11:56:38,443 [10] DEBUG Topshelf.Ninject.HostConfiguratorExtensions [(null)] - Ninject kernel instantiated with 1 modules.
2017-07-17 11:56:38,450 [10] INFO  Topshelf.Ninject.HostConfiguratorExtensions [(null)] - [Topshelf.Ninject] Service configured to construct using Ninject.
2017-07-17 11:56:38,552 [10] INFO  Topshelf.HostFactory [(null)] - Configuration Result:
[Success] Name WinHA
[Success] DisplayName WinHA Service
[Success] Description HighAvailability Service for Windows!
[Success] ServiceName WinHA
2017-07-17 11:56:38,556 [10] INFO  Topshelf.HostConfigurators.HostConfiguratorImpl [(null)] - Topshelf v4.0.0.0, .NET Framework v4.0.30319.42000
2017-07-17 11:56:38,821 [10] DEBUG Topshelf.Builders.RunBuilder [(null)] - Running as a console application, creating the console host.
2017-07-17 11:56:38,845 [10] DEBUG Topshelf.Hosts.ConsoleRunHost [(null)] - Starting up as a console application
2017-07-17 11:56:38,848 [10] INFO  WinHA.Service.WinService [(null)] - WinService Start command received.
2017-07-17 11:56:38,849 [10] INFO  Topshelf.Hosts.ConsoleRunHost [(null)] - The WinHA service is now running, press Control+C to exit.
2017-07-17 11:56:54,986 [10] INFO  Topshelf.Ninject.HostConfiguratorExtensions [(null)] - [Topshelf.Ninject] Integration Started in host.
2017-07-17 11:56:55,060 [10] DEBUG Topshelf.Ninject.HostConfiguratorExtensions [(null)] - Ninject kernel instantiated with 1 modules.
2017-07-17 11:56:55,068 [10] INFO  Topshelf.Ninject.HostConfiguratorExtensions [(null)] - [Topshelf.Ninject] Service configured to construct using Ninject.
2017-07-17 11:56:55,183 [10] INFO  Topshelf.HostFactory [(null)] - Configuration Result:
[Success] Name WinHA
[Success] DisplayName WinHA Service
[Success] Description HighAvailability Service for Windows!
[Success] ServiceName WinHA
2017-07-17 11:56:55,187 [10] INFO  Topshelf.HostConfigurators.HostConfiguratorImpl [(null)] - Topshelf v4.0.0.0, .NET Framework v4.0.30319.42000
2017-07-17 11:56:55,508 [10] DEBUG Topshelf.Builders.RunBuilder [(null)] - Running as a console application, creating the console host.
2017-07-17 11:56:55,515 [10] DEBUG Topshelf.Hosts.ConsoleRunHost [(null)] - Starting up as a console application
2017-07-17 11:56:55,517 [10] INFO  WinHA.Service.WinService [(null)] - WinService Start command received.
2017-07-17 11:56:55,519 [10] INFO  Topshelf.Hosts.ConsoleRunHost [(null)] - The WinHA service is now running, press Control+C to exit.
2017-07-17 11:58:45,633 [9] INFO  Topshelf.Ninject.HostConfiguratorExtensions [(null)] - [Topshelf.Ninject] Integration Started in host.
2017-07-17 11:58:45,716 [9] DEBUG Topshelf.Ninject.HostConfiguratorExtensions [(null)] - Ninject kernel instantiated with 1 modules.
2017-07-17 11:58:45,723 [9] INFO  Topshelf.Ninject.HostConfiguratorExtensions [(null)] - [Topshelf.Ninject] Service configured to construct using Ninject.
2017-07-17 11:58:45,836 [9] INFO  Topshelf.HostFactory [(null)] - Configuration Result:
[Success] Name WinHA
[Success] DisplayName WinHA Service
[Success] Description HighAvailability Service for Windows!
[Success] ServiceName WinHA
2017-07-17 11:58:45,839 [9] INFO  Topshelf.HostConfigurators.HostConfiguratorImpl [(null)] - Topshelf v4.0.0.0, .NET Framework v4.0.30319.42000
2017-07-17 11:58:46,071 [9] DEBUG Topshelf.Builders.RunBuilder [(null)] - Running as a console application, creating the console host.
2017-07-17 11:58:46,077 [9] DEBUG Topshelf.Hosts.ConsoleRunHost [(null)] - Starting up as a console application
2017-07-17 11:58:46,080 [9] INFO  WinHA.Service.WinService [(null)] - WinService Start command received.
2017-07-17 11:58:46,082 [9] INFO  Topshelf.Hosts.ConsoleRunHost [(null)] - The WinHA service is now running, press Control+C to exit.
2017-07-17 11:59:02,536 [10] INFO  Topshelf.Ninject.HostConfiguratorExtensions [(null)] - [Topshelf.Ninject] Integration Started in host.
2017-07-17 11:59:02,574 [10] DEBUG Topshelf.Ninject.HostConfiguratorExtensions [(null)] - Ninject kernel instantiated with 1 modules.
2017-07-17 11:59:02,583 [10] INFO  Topshelf.Ninject.HostConfiguratorExtensions [(null)] - [Topshelf.Ninject] Service configured to construct using Ninject.
2017-07-17 11:59:02,676 [10] INFO  Topshelf.HostFactory [(null)] - Configuration Result:
[Success] Name WinHA
[Success] DisplayName WinHA Service
[Success] Description HighAvailability Service for Windows!
[Success] ServiceName WinHA
2017-07-17 11:59:02,680 [10] INFO  Topshelf.HostConfigurators.HostConfiguratorImpl [(null)] - Topshelf v4.0.0.0, .NET Framework v4.0.30319.42000
2017-07-17 11:59:02,895 [10] DEBUG Topshelf.Builders.RunBuilder [(null)] - Running as a console application, creating the console host.
2017-07-17 11:59:02,901 [10] DEBUG Topshelf.Hosts.ConsoleRunHost [(null)] - Starting up as a console application
2017-07-17 11:59:02,906 [10] INFO  WinHA.Service.WinService [(null)] - WinService Start command received.
2017-07-17 11:59:02,908 [10] INFO  Topshelf.Hosts.ConsoleRunHost [(null)] - The WinHA service is now running, press Control+C to exit.
2017-07-17 11:59:07,668 [6] INFO  Topshelf.Hosts.ConsoleRunHost [(null)] - Control+C detected, attempting to stop service.
2017-07-17 11:59:07,670 [6] TRACE WinHA.Service.WinService [(null)] - WinService Stop command received.
2017-07-17 11:59:07,677 [10] INFO  Topshelf.Hosts.ConsoleRunHost [(null)] - The WinHA service has stopped.
2017-07-17 11:59:31,109 [9] INFO  Topshelf.Ninject.HostConfiguratorExtensions [(null)] - [Topshelf.Ninject] Integration Started in host.
2017-07-17 11:59:31,190 [9] DEBUG Topshelf.Ninject.HostConfiguratorExtensions [(null)] - Ninject kernel instantiated with 1 modules.
2017-07-17 11:59:31,198 [9] INFO  Topshelf.Ninject.HostConfiguratorExtensions [(null)] - [Topshelf.Ninject] Service configured to construct using Ninject.
2017-07-17 11:59:31,273 [9] INFO  Topshelf.HostFactory [(null)] - Configuration Result:
[Success] Name WinHA
[Success] DisplayName WinHA Service
[Success] Description HighAvailability Service for Windows!
[Success] ServiceName WinHA
2017-07-17 11:59:31,277 [9] INFO  Topshelf.HostConfigurators.HostConfiguratorImpl [(null)] - Topshelf v4.0.0.0, .NET Framework v4.0.30319.42000
2017-07-17 11:59:31,523 [9] DEBUG Topshelf.Builders.RunBuilder [(null)] - Running as a console application, creating the console host.
2017-07-17 11:59:31,530 [9] DEBUG Topshelf.Hosts.ConsoleRunHost [(null)] - Starting up as a console application
2017-07-17 11:59:31,564 [9] INFO  WinHA.Service.WinService [(null)] - WinService Start command received.
2017-07-17 11:59:31,565 [9] INFO  Topshelf.Hosts.ConsoleRunHost [(null)] - The WinHA service is now running, press Control+C to exit.
2017-07-17 11:59:46,503 [10] INFO  Topshelf.Ninject.HostConfiguratorExtensions [(null)] - [Topshelf.Ninject] Integration Started in host.
2017-07-17 11:59:46,541 [10] DEBUG Topshelf.Ninject.HostConfiguratorExtensions [(null)] - Ninject kernel instantiated with 1 modules.
2017-07-17 11:59:46,549 [10] INFO  Topshelf.Ninject.HostConfiguratorExtensions [(null)] - [Topshelf.Ninject] Service configured to construct using Ninject.
2017-07-17 11:59:46,648 [10] INFO  Topshelf.HostFactory [(null)] - Configuration Result:
[Success] Name WinHA
[Success] DisplayName WinHA Service
[Success] Description HighAvailability Service for Windows!
[Success] ServiceName WinHA
2017-07-17 11:59:46,654 [10] INFO  Topshelf.HostConfigurators.HostConfiguratorImpl [(null)] - Topshelf v4.0.0.0, .NET Framework v4.0.30319.42000
2017-07-17 11:59:46,924 [10] DEBUG Topshelf.Builders.RunBuilder [(null)] - Running as a console application, creating the console host.
2017-07-17 11:59:46,932 [10] DEBUG Topshelf.Hosts.ConsoleRunHost [(null)] - Starting up as a console application
2017-07-17 11:59:46,935 [10] INFO  WinHA.Service.WinService [(null)] - WinService Start command received.
2017-07-17 11:59:46,937 [10] INFO  Topshelf.Hosts.ConsoleRunHost [(null)] - The WinHA service is now running, press Control+C to exit.
2017-07-17 12:00:07,088 [10] INFO  Topshelf.Ninject.HostConfiguratorExtensions [(null)] - [Topshelf.Ninject] Integration Started in host.
2017-07-17 12:00:07,144 [10] DEBUG Topshelf.Ninject.HostConfiguratorExtensions [(null)] - Ninject kernel instantiated with 1 modules.
2017-07-17 12:00:07,153 [10] INFO  Topshelf.Ninject.HostConfiguratorExtensions [(null)] - [Topshelf.Ninject] Service configured to construct using Ninject.
2017-07-17 12:00:07,185 [10] ERROR Topshelf.HostFactory [(null)] - An exception occurred creating the host
System.InvalidCastException: Specified cast is not valid.
   at WinHA.Program.<>c.<Main>b__0_0(HostConfigurator x) in C:\Users\trunke\Documents\Visual Studio 2015\Projects\HA\WinHA\Program.cs:line 61
   at Topshelf.HostFactory.New(Action`1 configureCallback)
2017-07-17 12:00:07,202 [10] ERROR Topshelf.HostFactory [(null)] - The service terminated abnormally
System.InvalidCastException: Specified cast is not valid.
   at WinHA.Program.<>c.<Main>b__0_0(HostConfigurator x) in C:\Users\trunke\Documents\Visual Studio 2015\Projects\HA\WinHA\Program.cs:line 61
   at Topshelf.HostFactory.New(Action`1 configureCallback)
   at Topshelf.HostFactory.Run(Action`1 configureCallback)
2017-07-17 12:00:13,318 [10] INFO  Topshelf.Ninject.HostConfiguratorExtensions [(null)] - [Topshelf.Ninject] Integration Started in host.
2017-07-17 12:00:13,357 [10] DEBUG Topshelf.Ninject.HostConfiguratorExtensions [(null)] - Ninject kernel instantiated with 1 modules.
2017-07-17 12:00:13,365 [10] INFO  Topshelf.Ninject.HostConfiguratorExtensions [(null)] - [Topshelf.Ninject] Service configured to construct using Ninject.
2017-07-17 12:00:13,388 [10] ERROR Topshelf.HostFactory [(null)] - An exception occurred creating the host
System.InvalidCastException: Specified cast is not valid.
   at WinHA.Program.<>c.<Main>b__0_0(HostConfigurator x) in C:\Users\trunke\Documents\Visual Studio 2015\Projects\HA\WinHA\Program.cs:line 61
   at Topshelf.HostFactory.New(Action`1 configureCallback)
2017-07-17 12:00:13,412 [10] ERROR Topshelf.HostFactory [(null)] - The service terminated abnormally
System.InvalidCastException: Specified cast is not valid.
   at WinHA.Program.<>c.<Main>b__0_0(HostConfigurator x) in C:\Users\trunke\Documents\Visual Studio 2015\Projects\HA\WinHA\Program.cs:line 61
   at Topshelf.HostFactory.New(Action`1 configureCallback)
   at Topshelf.HostFactory.Run(Action`1 configureCallback)
2017-07-17 12:00:34,852 [10] INFO  Topshelf.Ninject.HostConfiguratorExtensions [(null)] - [Topshelf.Ninject] Integration Started in host.
2017-07-17 12:00:34,892 [10] DEBUG Topshelf.Ninject.HostConfiguratorExtensions [(null)] - Ninject kernel instantiated with 1 modules.
2017-07-17 12:00:34,900 [10] INFO  Topshelf.Ninject.HostConfiguratorExtensions [(null)] - [Topshelf.Ninject] Service configured to construct using Ninject.
2017-07-17 12:00:46,180 [10] INFO  Topshelf.HostFactory [(null)] - Configuration Result:
[Success] Name WinHA
[Success] DisplayName WinHA Service
[Success] Description HighAvailability Service for Windows!
[Success] ServiceName WinHA
2017-07-17 12:00:46,183 [10] INFO  Topshelf.HostConfigurators.HostConfiguratorImpl [(null)] - Topshelf v4.0.0.0, .NET Framework v4.0.30319.42000
2017-07-17 12:00:46,326 [10] DEBUG Topshelf.Builders.RunBuilder [(null)] - Running as a console application, creating the console host.
2017-07-17 12:00:46,331 [10] DEBUG Topshelf.Hosts.ConsoleRunHost [(null)] - Starting up as a console application
2017-07-17 12:00:46,334 [10] INFO  WinHA.Service.WinService [(null)] - WinService Start command received.
2017-07-17 12:00:46,335 [10] INFO  Topshelf.Hosts.ConsoleRunHost [(null)] - The WinHA service is now running, press Control+C to exit.
2017-07-17 12:01:48,339 [9] INFO  Topshelf.Ninject.HostConfiguratorExtensions [(null)] - [Topshelf.Ninject] Integration Started in host.
2017-07-17 12:01:48,393 [9] DEBUG Topshelf.Ninject.HostConfiguratorExtensions [(null)] - Ninject kernel instantiated with 1 modules.
2017-07-17 12:01:48,403 [9] INFO  Topshelf.Ninject.HostConfiguratorExtensions [(null)] - [Topshelf.Ninject] Service configured to construct using Ninject.
2017-07-17 12:01:48,486 [9] INFO  Topshelf.HostFactory [(null)] - Configuration Result:
[Success] Name WinHA
[Success] DisplayName WinHA Service
[Success] Description HighAvailability Service for Windows!
[Success] ServiceName WinHA
2017-07-17 12:01:48,492 [9] INFO  Topshelf.HostConfigurators.HostConfiguratorImpl [(null)] - Topshelf v4.0.0.0, .NET Framework v4.0.30319.42000
2017-07-17 12:01:48,765 [9] DEBUG Topshelf.Builders.RunBuilder [(null)] - Running as a console application, creating the console host.
2017-07-17 12:01:48,772 [9] DEBUG Topshelf.Hosts.ConsoleRunHost [(null)] - Starting up as a console application
2017-07-17 12:01:48,774 [9] INFO  WinHA.Service.WinService [(null)] - WinService Start command received.
2017-07-17 12:01:48,776 [9] INFO  Topshelf.Hosts.ConsoleRunHost [(null)] - The WinHA service is now running, press Control+C to exit.
2017-07-17 12:03:25,947 [9] INFO  Topshelf.Ninject.HostConfiguratorExtensions [(null)] - [Topshelf.Ninject] Integration Started in host.
2017-07-17 12:03:25,989 [9] DEBUG Topshelf.Ninject.HostConfiguratorExtensions [(null)] - Ninject kernel instantiated with 1 modules.
2017-07-17 12:03:25,997 [9] INFO  Topshelf.Ninject.HostConfiguratorExtensions [(null)] - [Topshelf.Ninject] Service configured to construct using Ninject.
2017-07-17 12:03:26,083 [9] INFO  Topshelf.HostFactory [(null)] - Configuration Result:
[Success] Name WinHA
[Success] DisplayName WinHA Service
[Success] Description HighAvailability Service for Windows!
[Success] ServiceName WinHA
2017-07-17 12:03:26,087 [9] INFO  Topshelf.HostConfigurators.HostConfiguratorImpl [(null)] - Topshelf v4.0.0.0, .NET Framework v4.0.30319.42000
2017-07-17 12:03:26,321 [9] DEBUG Topshelf.Builders.RunBuilder [(null)] - Running as a console application, creating the console host.
2017-07-17 12:03:26,327 [9] DEBUG Topshelf.Hosts.ConsoleRunHost [(null)] - Starting up as a console application
2017-07-17 12:03:26,335 [9] INFO  WinHA.Service.WinService [(null)] - WinService Start command received.
2017-07-17 12:03:26,337 [9] INFO  Topshelf.Hosts.ConsoleRunHost [(null)] - The WinHA service is now running, press Control+C to exit.
2017-07-17 12:03:39,910 [10] INFO  Topshelf.Ninject.HostConfiguratorExtensions [(null)] - [Topshelf.Ninject] Integration Started in host.
2017-07-17 12:03:39,977 [10] DEBUG Topshelf.Ninject.HostConfiguratorExtensions [(null)] - Ninject kernel instantiated with 1 modules.
2017-07-17 12:03:39,986 [10] INFO  Topshelf.Ninject.HostConfiguratorExtensions [(null)] - [Topshelf.Ninject] Service configured to construct using Ninject.
2017-07-17 12:03:40,074 [10] INFO  Topshelf.HostFactory [(null)] - Configuration Result:
[Success] Name WinHA
[Success] DisplayName WinHA Service
[Success] Description HighAvailability Service for Windows!
[Success] ServiceName WinHA
2017-07-17 12:03:40,078 [10] INFO  Topshelf.HostConfigurators.HostConfiguratorImpl [(null)] - Topshelf v4.0.0.0, .NET Framework v4.0.30319.42000
2017-07-17 12:03:40,319 [10] DEBUG Topshelf.Builders.RunBuilder [(null)] - Running as a console application, creating the console host.
2017-07-17 12:03:40,326 [10] DEBUG Topshelf.Hosts.ConsoleRunHost [(null)] - Starting up as a console application
2017-07-17 12:03:40,329 [10] INFO  WinHA.Service.WinService [(null)] - WinService Start command received.
2017-07-17 12:03:40,330 [10] INFO  Topshelf.Hosts.ConsoleRunHost [(null)] - The WinHA service is now running, press Control+C to exit.
2017-07-17 12:04:53,428 [8] INFO  Topshelf.Ninject.HostConfiguratorExtensions [(null)] - [Topshelf.Ninject] Integration Started in host.
2017-07-17 12:04:53,467 [8] DEBUG Topshelf.Ninject.HostConfiguratorExtensions [(null)] - Ninject kernel instantiated with 1 modules.
2017-07-17 12:04:53,475 [8] INFO  Topshelf.Ninject.HostConfiguratorExtensions [(null)] - [Topshelf.Ninject] Service configured to construct using Ninject.
2017-07-17 12:04:53,552 [8] INFO  Topshelf.HostFactory [(null)] - Configuration Result:
[Success] Name WinHA
[Success] DisplayName WinHA Service
[Success] Description HighAvailability Service for Windows!
[Success] ServiceName WinHA
2017-07-17 12:04:53,556 [8] INFO  Topshelf.HostConfigurators.HostConfiguratorImpl [(null)] - Topshelf v4.0.0.0, .NET Framework v4.0.30319.42000
2017-07-17 12:04:53,783 [8] DEBUG Topshelf.Builders.RunBuilder [(null)] - Running as a console application, creating the console host.
2017-07-17 12:04:53,791 [8] DEBUG Topshelf.Hosts.ConsoleRunHost [(null)] - Starting up as a console application
2017-07-17 12:04:53,795 [8] INFO  WinHA.Service.WinService [(null)] - WinService Start command received.
2017-07-17 12:04:53,797 [8] INFO  Topshelf.Hosts.ConsoleRunHost [(null)] - The WinHA service is now running, press Control+C to exit.
2017-07-17 12:06:11,186 [8] INFO  Topshelf.Ninject.HostConfiguratorExtensions [(null)] - [Topshelf.Ninject] Integration Started in host.
2017-07-17 12:06:11,222 [8] DEBUG Topshelf.Ninject.HostConfiguratorExtensions [(null)] - Ninject kernel instantiated with 1 modules.
2017-07-17 12:06:11,229 [8] INFO  Topshelf.Ninject.HostConfiguratorExtensions [(null)] - [Topshelf.Ninject] Service configured to construct using Ninject.
2017-07-17 12:06:11,352 [8] INFO  Topshelf.HostFactory [(null)] - Configuration Result:
[Success] Name WinHA
[Success] DisplayName WinHA Service
[Success] Description HighAvailability Service for Windows!
[Success] ServiceName WinHA
2017-07-17 12:06:11,356 [8] INFO  Topshelf.HostConfigurators.HostConfiguratorImpl [(null)] - Topshelf v4.0.0.0, .NET Framework v4.0.30319.42000
2017-07-17 12:06:11,609 [8] DEBUG Topshelf.Builders.RunBuilder [(null)] - Running as a console application, creating the console host.
2017-07-17 12:06:11,617 [8] DEBUG Topshelf.Hosts.ConsoleRunHost [(null)] - Starting up as a console application
2017-07-17 12:06:11,619 [8] INFO  WinHA.Service.WinService [(null)] - WinService Start command received.
2017-07-17 12:06:11,621 [8] INFO  Topshelf.Hosts.ConsoleRunHost [(null)] - The WinHA service is now running, press Control+C to exit.
2017-07-17 12:07:26,994 [10] INFO  Topshelf.Ninject.HostConfiguratorExtensions [(null)] - [Topshelf.Ninject] Integration Started in host.
2017-07-17 12:07:27,033 [10] DEBUG Topshelf.Ninject.HostConfiguratorExtensions [(null)] - Ninject kernel instantiated with 1 modules.
2017-07-17 12:07:27,039 [10] INFO  Topshelf.Ninject.HostConfiguratorExtensions [(null)] - [Topshelf.Ninject] Service configured to construct using Ninject.
2017-07-17 12:07:50,593 [10] ERROR Topshelf.HostFactory [(null)] - An exception occurred creating the host
System.Net.NetworkInformation.PingException: An exception occurred during a Ping request. ---> System.Net.Sockets.SocketException: No such host is known
   at System.Net.Dns.GetAddrInfo(String name)
   at System.Net.Dns.InternalGetHostByName(String hostName, Boolean includeIPv6)
   at System.Net.Dns.GetHostAddresses(String hostNameOrAddress)
   at System.Net.NetworkInformation.Ping.Send(String hostNameOrAddress, Int32 timeout, Byte[] buffer, PingOptions options)
   --- End of inner exception stack trace ---
   at System.Net.NetworkInformation.Ping.Send(String hostNameOrAddress, Int32 timeout, Byte[] buffer, PingOptions options)
   at WinHA.NetworkManagement.ping(String ipadress) in C:\Users\trunke\Documents\Visual Studio 2015\Projects\HA\WinHA\NetworkManagement.cs:line 164
   at WinHA.Program.HandleTimer(Object source, ElapsedEventArgs e) in C:\Users\trunke\Documents\Visual Studio 2015\Projects\HA\WinHA\Program.cs:line 113
   at WinHA.Program.<>c.<Main>b__0_0(HostConfigurator x) in C:\Users\trunke\Documents\Visual Studio 2015\Projects\HA\WinHA\Program.cs:line 67
   at Topshelf.HostFactory.New(Action`1 configureCallback)
2017-07-17 12:07:50,616 [10] ERROR Topshelf.HostFactory [(null)] - The service terminated abnormally
System.Net.NetworkInformation.PingException: An exception occurred during a Ping request. ---> System.Net.Sockets.SocketException: No such host is known
   at System.Net.Dns.GetAddrInfo(String name)
   at System.Net.Dns.InternalGetHostByName(String hostName, Boolean includeIPv6)
   at System.Net.Dns.GetHostAddresses(String hostNameOrAddress)
   at System.Net.NetworkInformation.Ping.Send(String hostNameOrAddress, Int32 timeout, Byte[] buffer, PingOptions options)
   --- End of inner exception stack trace ---
   at System.Net.NetworkInformation.Ping.Send(String hostNameOrAddress, Int32 timeout, Byte[] buffer, PingOptions options)
   at WinHA.NetworkManagement.ping(String ipadress) in C:\Users\trunke\Documents\Visual Studio 2015\Projects\HA\WinHA\NetworkManagement.cs:line 164
   at WinHA.Program.HandleTimer(Object source, ElapsedEventArgs e) in C:\Users\trunke\Documents\Visual Studio 2015\Projects\HA\WinHA\Program.cs:line 113
   at WinHA.Program.<>c.<Main>b__0_0(HostConfigurator x) in C:\Users\trunke\Documents\Visual Studio 2015\Projects\HA\WinHA\Program.cs:line 67
   at Topshelf.HostFactory.New(Action`1 configureCallback)
   at Topshelf.HostFactory.Run(Action`1 configureCallback)
2017-07-17 12:09:36,868 [9] INFO  Topshelf.Ninject.HostConfiguratorExtensions [(null)] - [Topshelf.Ninject] Integration Started in host.
2017-07-17 12:09:36,909 [9] DEBUG Topshelf.Ninject.HostConfiguratorExtensions [(null)] - Ninject kernel instantiated with 1 modules.
2017-07-17 12:09:36,917 [9] INFO  Topshelf.Ninject.HostConfiguratorExtensions [(null)] - [Topshelf.Ninject] Service configured to construct using Ninject.
2017-07-17 12:09:40,153 [9] ERROR Topshelf.HostFactory [(null)] - An exception occurred creating the host
System.Net.NetworkInformation.PingException: An exception occurred during a Ping request. ---> System.Net.Sockets.SocketException: No such host is known
   at System.Net.Dns.GetAddrInfo(String name)
   at System.Net.Dns.InternalGetHostByName(String hostName, Boolean includeIPv6)
   at System.Net.Dns.GetHostAddresses(String hostNameOrAddress)
   at System.Net.NetworkInformation.Ping.Send(String hostNameOrAddress, Int32 timeout, Byte[] buffer, PingOptions options)
   --- End of inner exception stack trace ---
   at System.Net.NetworkInformation.Ping.Send(String hostNameOrAddress, Int32 timeout, Byte[] buffer, PingOptions options)
   at WinHA.NetworkManagement.ping(String ipadress) in C:\Users\trunke\Documents\Visual Studio 2015\Projects\HA\WinHA\NetworkManagement.cs:line 164
   at WinHA.Program.HandleTimer(Object source, ElapsedEventArgs e) in C:\Users\trunke\Documents\Visual Studio 2015\Projects\HA\WinHA\Program.cs:line 114
   at WinHA.Program.<>c.<Main>b__0_0(HostConfigurator x) in C:\Users\trunke\Documents\Visual Studio 2015\Projects\HA\WinHA\Program.cs:line 67
   at Topshelf.HostFactory.New(Action`1 configureCallback)
2017-07-17 12:09:40,172 [9] ERROR Topshelf.HostFactory [(null)] - The service terminated abnormally
System.Net.NetworkInformation.PingException: An exception occurred during a Ping request. ---> System.Net.Sockets.SocketException: No such host is known
   at System.Net.Dns.GetAddrInfo(String name)
   at System.Net.Dns.InternalGetHostByName(String hostName, Boolean includeIPv6)
   at System.Net.Dns.GetHostAddresses(String hostNameOrAddress)
   at System.Net.NetworkInformation.Ping.Send(String hostNameOrAddress, Int32 timeout, Byte[] buffer, PingOptions options)
   --- End of inner exception stack trace ---
   at System.Net.NetworkInformation.Ping.Send(String hostNameOrAddress, Int32 timeout, Byte[] buffer, PingOptions options)
   at WinHA.NetworkManagement.ping(String ipadress) in C:\Users\trunke\Documents\Visual Studio 2015\Projects\HA\WinHA\NetworkManagement.cs:line 164
   at WinHA.Program.HandleTimer(Object source, ElapsedEventArgs e) in C:\Users\trunke\Documents\Visual Studio 2015\Projects\HA\WinHA\Program.cs:line 114
   at WinHA.Program.<>c.<Main>b__0_0(HostConfigurator x) in C:\Users\trunke\Documents\Visual Studio 2015\Projects\HA\WinHA\Program.cs:line 67
   at Topshelf.HostFactory.New(Action`1 configureCallback)
   at Topshelf.HostFactory.Run(Action`1 configureCallback)
2017-07-17 12:09:48,999 [10] INFO  Topshelf.Ninject.HostConfiguratorExtensions [(null)] - [Topshelf.Ninject] Integration Started in host.
2017-07-17 12:09:49,035 [10] DEBUG Topshelf.Ninject.HostConfiguratorExtensions [(null)] - Ninject kernel instantiated with 1 modules.
2017-07-17 12:09:49,042 [10] INFO  Topshelf.Ninject.HostConfiguratorExtensions [(null)] - [Topshelf.Ninject] Service configured to construct using Ninject.
2017-07-17 12:10:01,225 [10] ERROR Topshelf.HostFactory [(null)] - An exception occurred creating the host
System.Net.NetworkInformation.PingException: An exception occurred during a Ping request. ---> System.Net.Sockets.SocketException: No such host is known
   at System.Net.Dns.GetAddrInfo(String name)
   at System.Net.Dns.InternalGetHostByName(String hostName, Boolean includeIPv6)
   at System.Net.Dns.GetHostAddresses(String hostNameOrAddress)
   at System.Net.NetworkInformation.Ping.Send(String hostNameOrAddress, Int32 timeout, Byte[] buffer, PingOptions options)
   --- End of inner exception stack trace ---
   at System.Net.NetworkInformation.Ping.Send(String hostNameOrAddress, Int32 timeout, Byte[] buffer, PingOptions options)
   at WinHA.NetworkManagement.ping(String ipadress) in C:\Users\trunke\Documents\Visual Studio 2015\Projects\HA\WinHA\NetworkManagement.cs:line 164
   at WinHA.Program.HandleTimer(Object source, ElapsedEventArgs e) in C:\Users\trunke\Documents\Visual Studio 2015\Projects\HA\WinHA\Program.cs:line 114
   at WinHA.Program.<>c.<Main>b__0_0(HostConfigurator x) in C:\Users\trunke\Documents\Visual Studio 2015\Projects\HA\WinHA\Program.cs:line 67
   at Topshelf.HostFactory.New(Action`1 configureCallback)
2017-07-17 12:10:01,244 [10] ERROR Topshelf.HostFactory [(null)] - The service terminated abnormally
System.Net.NetworkInformation.PingException: An exception occurred during a Ping request. ---> System.Net.Sockets.SocketException: No such host is known
   at System.Net.Dns.GetAddrInfo(String name)
   at System.Net.Dns.InternalGetHostByName(String hostName, Boolean includeIPv6)
   at System.Net.Dns.GetHostAddresses(String hostNameOrAddress)
   at System.Net.NetworkInformation.Ping.Send(String hostNameOrAddress, Int32 timeout, Byte[] buffer, PingOptions options)
   --- End of inner exception stack trace ---
   at System.Net.NetworkInformation.Ping.Send(String hostNameOrAddress, Int32 timeout, Byte[] buffer, PingOptions options)
   at WinHA.NetworkManagement.ping(String ipadress) in C:\Users\trunke\Documents\Visual Studio 2015\Projects\HA\WinHA\NetworkManagement.cs:line 164
   at WinHA.Program.HandleTimer(Object source, ElapsedEventArgs e) in C:\Users\trunke\Documents\Visual Studio 2015\Projects\HA\WinHA\Program.cs:line 114
   at WinHA.Program.<>c.<Main>b__0_0(HostConfigurator x) in C:\Users\trunke\Documents\Visual Studio 2015\Projects\HA\WinHA\Program.cs:line 67
   at Topshelf.HostFactory.New(Action`1 configureCallback)
   at Topshelf.HostFactory.Run(Action`1 configureCallback)
2017-07-17 12:10:09,808 [10] INFO  Topshelf.Ninject.HostConfiguratorExtensions [(null)] - [Topshelf.Ninject] Integration Started in host.
2017-07-17 12:10:09,844 [10] DEBUG Topshelf.Ninject.HostConfiguratorExtensions [(null)] - Ninject kernel instantiated with 1 modules.
2017-07-17 12:10:09,851 [10] INFO  Topshelf.Ninject.HostConfiguratorExtensions [(null)] - [Topshelf.Ninject] Service configured to construct using Ninject.
2017-07-17 12:11:25,367 [8] INFO  Topshelf.Ninject.HostConfiguratorExtensions [(null)] - [Topshelf.Ninject] Integration Started in host.
2017-07-17 12:11:25,421 [8] DEBUG Topshelf.Ninject.HostConfiguratorExtensions [(null)] - Ninject kernel instantiated with 1 modules.
2017-07-17 12:11:25,429 [8] INFO  Topshelf.Ninject.HostConfiguratorExtensions [(null)] - [Topshelf.Ninject] Service configured to construct using Ninject.
2017-07-17 12:12:46,239 [8] INFO  Topshelf.Ninject.HostConfiguratorExtensions [(null)] - [Topshelf.Ninject] Integration Started in host.
2017-07-17 12:12:46,268 [8] DEBUG Topshelf.Ninject.HostConfiguratorExtensions [(null)] - Ninject kernel instantiated with 1 modules.
2017-07-17 12:12:46,274 [8] INFO  Topshelf.Ninject.HostConfiguratorExtensions [(null)] - [Topshelf.Ninject] Service configured to construct using Ninject.
2017-07-17 12:13:02,228 [8] ERROR Topshelf.HostFactory [(null)] - An exception occurred creating the host
System.Net.NetworkInformation.PingException: An exception occurred during a Ping request. ---> System.Net.Sockets.SocketException: No such host is known
   at System.Net.Dns.GetAddrInfo(String name)
   at System.Net.Dns.InternalGetHostByName(String hostName, Boolean includeIPv6)
   at System.Net.Dns.GetHostAddresses(String hostNameOrAddress)
   at System.Net.NetworkInformation.Ping.Send(String hostNameOrAddress, Int32 timeout, Byte[] buffer, PingOptions options)
   --- End of inner exception stack trace ---
   at System.Net.NetworkInformation.Ping.Send(String hostNameOrAddress, Int32 timeout, Byte[] buffer, PingOptions options)
   at WinHA.NetworkManagement.ping(String ipadress) in C:\Users\trunke\Documents\Visual Studio 2015\Projects\HA\WinHA\NetworkManagement.cs:line 164
   at WinHA.Program.HandleTimer(Object source, ElapsedEventArgs e) in C:\Users\trunke\Documents\Visual Studio 2015\Projects\HA\WinHA\Program.cs:line 124
   at WinHA.Program.<>c.<Main>b__0_0(HostConfigurator x) in C:\Users\trunke\Documents\Visual Studio 2015\Projects\HA\WinHA\Program.cs:line 67
   at Topshelf.HostFactory.New(Action`1 configureCallback)
2017-07-17 12:13:02,243 [8] ERROR Topshelf.HostFactory [(null)] - The service terminated abnormally
System.Net.NetworkInformation.PingException: An exception occurred during a Ping request. ---> System.Net.Sockets.SocketException: No such host is known
   at System.Net.Dns.GetAddrInfo(String name)
   at System.Net.Dns.InternalGetHostByName(String hostName, Boolean includeIPv6)
   at System.Net.Dns.GetHostAddresses(String hostNameOrAddress)
   at System.Net.NetworkInformation.Ping.Send(String hostNameOrAddress, Int32 timeout, Byte[] buffer, PingOptions options)
   --- End of inner exception stack trace ---
   at System.Net.NetworkInformation.Ping.Send(String hostNameOrAddress, Int32 timeout, Byte[] buffer, PingOptions options)
   at WinHA.NetworkManagement.ping(String ipadress) in C:\Users\trunke\Documents\Visual Studio 2015\Projects\HA\WinHA\NetworkManagement.cs:line 164
   at WinHA.Program.HandleTimer(Object source, ElapsedEventArgs e) in C:\Users\trunke\Documents\Visual Studio 2015\Projects\HA\WinHA\Program.cs:line 124
   at WinHA.Program.<>c.<Main>b__0_0(HostConfigurator x) in C:\Users\trunke\Documents\Visual Studio 2015\Projects\HA\WinHA\Program.cs:line 67
   at Topshelf.HostFactory.New(Action`1 configureCallback)
   at Topshelf.HostFactory.Run(Action`1 configureCallback)
2017-07-17 12:14:00,029 [8] INFO  Topshelf.Ninject.HostConfiguratorExtensions [(null)] - [Topshelf.Ninject] Integration Started in host.
2017-07-17 12:14:00,099 [8] DEBUG Topshelf.Ninject.HostConfiguratorExtensions [(null)] - Ninject kernel instantiated with 1 modules.
2017-07-17 12:14:00,106 [8] INFO  Topshelf.Ninject.HostConfiguratorExtensions [(null)] - [Topshelf.Ninject] Service configured to construct using Ninject.
2017-07-17 12:14:00,540 [8] INFO  Topshelf.HostFactory [(null)] - Configuration Result:
[Success] Name WinHA
[Success] DisplayName WinHA Service
[Success] Description HighAvailability Service for Windows!
[Success] ServiceName WinHA
2017-07-17 12:14:00,544 [8] INFO  Topshelf.HostConfigurators.HostConfiguratorImpl [(null)] - Topshelf v4.0.0.0, .NET Framework v4.0.30319.42000
2017-07-17 12:14:00,776 [8] DEBUG Topshelf.Builders.RunBuilder [(null)] - Running as a console application, creating the console host.
2017-07-17 12:14:00,788 [8] DEBUG Topshelf.Hosts.ConsoleRunHost [(null)] - Starting up as a console application
2017-07-17 12:14:00,796 [8] INFO  WinHA.Service.WinService [(null)] - WinService Start command received.
2017-07-17 12:14:00,798 [8] INFO  Topshelf.Hosts.ConsoleRunHost [(null)] - The WinHA service is now running, press Control+C to exit.
2017-07-17 12:18:04,073 [9] INFO  Topshelf.Ninject.HostConfiguratorExtensions [(null)] - [Topshelf.Ninject] Integration Started in host.
2017-07-17 12:18:04,103 [9] DEBUG Topshelf.Ninject.HostConfiguratorExtensions [(null)] - Ninject kernel instantiated with 1 modules.
2017-07-17 12:18:04,111 [9] INFO  Topshelf.Ninject.HostConfiguratorExtensions [(null)] - [Topshelf.Ninject] Service configured to construct using Ninject.
2017-07-17 12:18:04,142 [9] ERROR Topshelf.HostFactory [(null)] - An exception occurred creating the host
System.Net.NetworkInformation.PingException: An exception occurred during a Ping request. ---> System.Net.Sockets.SocketException: No such host is known
   at System.Net.Dns.GetAddrInfo(String name)
   at System.Net.Dns.InternalGetHostByName(String hostName, Boolean includeIPv6)
   at System.Net.Dns.GetHostAddresses(String hostNameOrAddress)
   at System.Net.NetworkInformation.Ping.Send(String hostNameOrAddress, Int32 timeout, Byte[] buffer, PingOptions options)
   --- End of inner exception stack trace ---
   at System.Net.NetworkInformation.Ping.Send(String hostNameOrAddress, Int32 timeout, Byte[] buffer, PingOptions options)
   at WinHA.NetworkManagement.ping(String ipadress) in C:\Users\trunke\Documents\Visual Studio 2015\Projects\HA\WinHA\NetworkManagement.cs:line 164
   at WinHA.Program.HandleTimer(Object source, ElapsedEventArgs e) in C:\Users\trunke\Documents\Visual Studio 2015\Projects\HA\WinHA\Program.cs:line 119
   at WinHA.Program.<>c.<Main>b__0_0(HostConfigurator x) in C:\Users\trunke\Documents\Visual Studio 2015\Projects\HA\WinHA\Program.cs:line 67
   at Topshelf.HostFactory.New(Action`1 configureCallback)
2017-07-17 12:18:04,156 [9] ERROR Topshelf.HostFactory [(null)] - The service terminated abnormally
System.Net.NetworkInformation.PingException: An exception occurred during a Ping request. ---> System.Net.Sockets.SocketException: No such host is known
   at System.Net.Dns.GetAddrInfo(String name)
   at System.Net.Dns.InternalGetHostByName(String hostName, Boolean includeIPv6)
   at System.Net.Dns.GetHostAddresses(String hostNameOrAddress)
   at System.Net.NetworkInformation.Ping.Send(String hostNameOrAddress, Int32 timeout, Byte[] buffer, PingOptions options)
   --- End of inner exception stack trace ---
   at System.Net.NetworkInformation.Ping.Send(String hostNameOrAddress, Int32 timeout, Byte[] buffer, PingOptions options)
   at WinHA.NetworkManagement.ping(String ipadress) in C:\Users\trunke\Documents\Visual Studio 2015\Projects\HA\WinHA\NetworkManagement.cs:line 164
   at WinHA.Program.HandleTimer(Object source, ElapsedEventArgs e) in C:\Users\trunke\Documents\Visual Studio 2015\Projects\HA\WinHA\Program.cs:line 119
   at WinHA.Program.<>c.<Main>b__0_0(HostConfigurator x) in C:\Users\trunke\Documents\Visual Studio 2015\Projects\HA\WinHA\Program.cs:line 67
   at Topshelf.HostFactory.New(Action`1 configureCallback)
   at Topshelf.HostFactory.Run(Action`1 configureCallback)
2017-07-17 12:20:06,097 [8] INFO  Topshelf.Ninject.HostConfiguratorExtensions [(null)] - [Topshelf.Ninject] Integration Started in host.
2017-07-17 12:20:06,174 [8] DEBUG Topshelf.Ninject.HostConfiguratorExtensions [(null)] - Ninject kernel instantiated with 1 modules.
2017-07-17 12:20:06,180 [8] INFO  Topshelf.Ninject.HostConfiguratorExtensions [(null)] - [Topshelf.Ninject] Service configured to construct using Ninject.
2017-07-17 12:21:33,513 [9] INFO  Topshelf.Ninject.HostConfiguratorExtensions [(null)] - [Topshelf.Ninject] Integration Started in host.
2017-07-17 12:21:33,540 [9] DEBUG Topshelf.Ninject.HostConfiguratorExtensions [(null)] - Ninject kernel instantiated with 1 modules.
2017-07-17 12:21:33,546 [9] INFO  Topshelf.Ninject.HostConfiguratorExtensions [(null)] - [Topshelf.Ninject] Service configured to construct using Ninject.
2017-07-17 12:21:33,585 [9] ERROR Topshelf.HostFactory [(null)] - An exception occurred creating the host
System.Net.NetworkInformation.PingException: An exception occurred during a Ping request. ---> System.Net.Sockets.SocketException: No such host is known
   at System.Net.Dns.GetAddrInfo(String name)
   at System.Net.Dns.InternalGetHostByName(String hostName, Boolean includeIPv6)
   at System.Net.Dns.GetHostAddresses(String hostNameOrAddress)
   at System.Net.NetworkInformation.Ping.Send(String hostNameOrAddress, Int32 timeout, Byte[] buffer, PingOptions options)
   --- End of inner exception stack trace ---
   at System.Net.NetworkInformation.Ping.Send(String hostNameOrAddress, Int32 timeout, Byte[] buffer, PingOptions options)
   at WinHA.NetworkManagement.ping(String ipadress) in C:\Users\trunke\Documents\Visual Studio 2015\Projects\HA\WinHA\NetworkManagement.cs:line 164
   at WinHA.Program.HandleTimer(Object source, ElapsedEventArgs e) in C:\Users\trunke\Documents\Visual Studio 2015\Projects\HA\WinHA\Program.cs:line 119
   at WinHA.Program.<>c.<Main>b__0_0(HostConfigurator x) in C:\Users\trunke\Documents\Visual Studio 2015\Projects\HA\WinHA\Program.cs:line 67
   at Topshelf.HostFactory.New(Action`1 configureCallback)
2017-07-17 12:21:33,601 [9] ERROR Topshelf.HostFactory [(null)] - The service terminated abnormally
System.Net.NetworkInformation.PingException: An exception occurred during a Ping request. ---> System.Net.Sockets.SocketException: No such host is known
   at System.Net.Dns.GetAddrInfo(String name)
   at System.Net.Dns.InternalGetHostByName(String hostName, Boolean includeIPv6)
   at System.Net.Dns.GetHostAddresses(String hostNameOrAddress)
   at System.Net.NetworkInformation.Ping.Send(String hostNameOrAddress, Int32 timeout, Byte[] buffer, PingOptions options)
   --- End of inner exception stack trace ---
   at System.Net.NetworkInformation.Ping.Send(String hostNameOrAddress, Int32 timeout, Byte[] buffer, PingOptions options)
   at WinHA.NetworkManagement.ping(String ipadress) in C:\Users\trunke\Documents\Visual Studio 2015\Projects\HA\WinHA\NetworkManagement.cs:line 164
   at WinHA.Program.HandleTimer(Object source, ElapsedEventArgs e) in C:\Users\trunke\Documents\Visual Studio 2015\Projects\HA\WinHA\Program.cs:line 119
   at WinHA.Program.<>c.<Main>b__0_0(HostConfigurator x) in C:\Users\trunke\Documents\Visual Studio 2015\Projects\HA\WinHA\Program.cs:line 67
   at Topshelf.HostFactory.New(Action`1 configureCallback)
   at Topshelf.HostFactory.Run(Action`1 configureCallback)
2017-07-17 12:21:39,856 [10] INFO  Topshelf.Ninject.HostConfiguratorExtensions [(null)] - [Topshelf.Ninject] Integration Started in host.
2017-07-17 12:21:39,918 [10] DEBUG Topshelf.Ninject.HostConfiguratorExtensions [(null)] - Ninject kernel instantiated with 1 modules.
2017-07-17 12:21:39,924 [10] INFO  Topshelf.Ninject.HostConfiguratorExtensions [(null)] - [Topshelf.Ninject] Service configured to construct using Ninject.
2017-07-17 12:22:00,960 [10] INFO  Topshelf.Ninject.HostConfiguratorExtensions [(null)] - [Topshelf.Ninject] Integration Started in host.
2017-07-17 12:22:00,989 [10] DEBUG Topshelf.Ninject.HostConfiguratorExtensions [(null)] - Ninject kernel instantiated with 1 modules.
2017-07-17 12:22:00,996 [10] INFO  Topshelf.Ninject.HostConfiguratorExtensions [(null)] - [Topshelf.Ninject] Service configured to construct using Ninject.
2017-07-17 12:22:26,625 [10] INFO  Topshelf.HostFactory [(null)] - Configuration Result:
[Success] Name WinHA
[Success] DisplayName WinHA Service
[Success] Description HighAvailability Service for Windows!
[Success] ServiceName WinHA
2017-07-17 12:22:26,628 [10] INFO  Topshelf.HostConfigurators.HostConfiguratorImpl [(null)] - Topshelf v4.0.0.0, .NET Framework v4.0.30319.42000
2017-07-17 12:22:26,771 [10] DEBUG Topshelf.Builders.RunBuilder [(null)] - Running as a console application, creating the console host.
2017-07-17 12:22:26,776 [10] DEBUG Topshelf.Hosts.ConsoleRunHost [(null)] - Starting up as a console application
2017-07-17 12:22:26,779 [10] INFO  WinHA.Service.WinService [(null)] - WinService Start command received.
2017-07-17 12:22:26,781 [10] INFO  Topshelf.Hosts.ConsoleRunHost [(null)] - The WinHA service is now running, press Control+C to exit.
2017-07-17 12:22:45,104 [10] INFO  Topshelf.Ninject.HostConfiguratorExtensions [(null)] - [Topshelf.Ninject] Integration Started in host.
2017-07-17 12:22:45,151 [10] DEBUG Topshelf.Ninject.HostConfiguratorExtensions [(null)] - Ninject kernel instantiated with 1 modules.
2017-07-17 12:22:45,162 [10] INFO  Topshelf.Ninject.HostConfiguratorExtensions [(null)] - [Topshelf.Ninject] Service configured to construct using Ninject.
2017-07-17 12:22:47,615 [10] INFO  Topshelf.HostFactory [(null)] - Configuration Result:
[Success] Name WinHA
[Success] DisplayName WinHA Service
[Success] Description HighAvailability Service for Windows!
[Success] ServiceName WinHA
2017-07-17 12:22:47,619 [10] INFO  Topshelf.HostConfigurators.HostConfiguratorImpl [(null)] - Topshelf v4.0.0.0, .NET Framework v4.0.30319.42000
2017-07-17 12:22:47,799 [10] DEBUG Topshelf.Builders.RunBuilder [(null)] - Running as a console application, creating the console host.
2017-07-17 12:22:47,805 [10] DEBUG Topshelf.Hosts.ConsoleRunHost [(null)] - Starting up as a console application
2017-07-17 12:22:47,808 [10] INFO  WinHA.Service.WinService [(null)] - WinService Start command received.
2017-07-17 12:22:47,809 [10] INFO  Topshelf.Hosts.ConsoleRunHost [(null)] - The WinHA service is now running, press Control+C to exit.
2017-07-17 12:23:11,595 [8] INFO  Topshelf.Ninject.HostConfiguratorExtensions [(null)] - [Topshelf.Ninject] Integration Started in host.
2017-07-17 12:23:11,671 [8] DEBUG Topshelf.Ninject.HostConfiguratorExtensions [(null)] - Ninject kernel instantiated with 1 modules.
2017-07-17 12:23:11,679 [8] INFO  Topshelf.Ninject.HostConfiguratorExtensions [(null)] - [Topshelf.Ninject] Service configured to construct using Ninject.
2017-07-17 12:23:58,594 [8] INFO  Topshelf.Ninject.HostConfiguratorExtensions [(null)] - [Topshelf.Ninject] Integration Started in host.
2017-07-17 12:23:58,635 [8] DEBUG Topshelf.Ninject.HostConfiguratorExtensions [(null)] - Ninject kernel instantiated with 1 modules.
2017-07-17 12:23:58,641 [8] INFO  Topshelf.Ninject.HostConfiguratorExtensions [(null)] - [Topshelf.Ninject] Service configured to construct using Ninject.
2017-07-17 12:32:02,828 [10] INFO  Topshelf.Ninject.HostConfiguratorExtensions [(null)] - [Topshelf.Ninject] Integration Started in host.
2017-07-17 12:32:02,869 [10] DEBUG Topshelf.Ninject.HostConfiguratorExtensions [(null)] - Ninject kernel instantiated with 1 modules.
2017-07-17 12:32:02,876 [10] INFO  Topshelf.Ninject.HostConfiguratorExtensions [(null)] - [Topshelf.Ninject] Service configured to construct using Ninject.
2017-07-17 12:32:40,675 [10] INFO  Topshelf.HostFactory [(null)] - Configuration Result:
[Success] Name WinHA
[Success] DisplayName WinHA Service
[Success] Description HighAvailability Service for Windows!
[Success] ServiceName WinHA
2017-07-17 12:32:40,678 [10] INFO  Topshelf.HostConfigurators.HostConfiguratorImpl [(null)] - Topshelf v4.0.0.0, .NET Framework v4.0.30319.42000
2017-07-17 12:32:40,825 [10] DEBUG Topshelf.Builders.RunBuilder [(null)] - Running as a console application, creating the console host.
2017-07-17 12:32:40,831 [10] DEBUG Topshelf.Hosts.ConsoleRunHost [(null)] - Starting up as a console application
2017-07-17 12:32:40,833 [10] INFO  WinHA.Service.WinService [(null)] - WinService Start command received.
2017-07-17 12:32:40,834 [10] INFO  Topshelf.Hosts.ConsoleRunHost [(null)] - The WinHA service is now running, press Control+C to exit.
2017-07-17 12:33:21,407 [9] INFO  Topshelf.Ninject.HostConfiguratorExtensions [(null)] - [Topshelf.Ninject] Integration Started in host.
2017-07-17 12:33:21,448 [9] DEBUG Topshelf.Ninject.HostConfiguratorExtensions [(null)] - Ninject kernel instantiated with 1 modules.
2017-07-17 12:33:21,455 [9] INFO  Topshelf.Ninject.HostConfiguratorExtensions [(null)] - [Topshelf.Ninject] Service configured to construct using Ninject.
2017-07-17 12:33:31,699 [9] INFO  Topshelf.HostFactory [(null)] - Configuration Result:
[Success] Name WinHA
[Success] DisplayName WinHA Service
[Success] Description HighAvailability Service for Windows!
[Success] ServiceName WinHA
2017-07-17 12:33:31,702 [9] INFO  Topshelf.HostConfigurators.HostConfiguratorImpl [(null)] - Topshelf v4.0.0.0, .NET Framework v4.0.30319.42000
2017-07-17 12:33:31,852 [9] DEBUG Topshelf.Builders.RunBuilder [(null)] - Running as a console application, creating the console host.
2017-07-17 12:33:31,858 [9] DEBUG Topshelf.Hosts.ConsoleRunHost [(null)] - Starting up as a console application
2017-07-17 12:33:31,861 [9] INFO  WinHA.Service.WinService [(null)] - WinService Start command received.
2017-07-17 12:33:31,863 [9] INFO  Topshelf.Hosts.ConsoleRunHost [(null)] - The WinHA service is now running, press Control+C to exit.
2017-07-17 12:33:45,353 [12] INFO  Topshelf.Hosts.ConsoleRunHost [(null)] - Control+C detected, attempting to stop service.
2017-07-17 12:33:45,358 [12] TRACE WinHA.Service.WinService [(null)] - WinService Stop command received.
2017-07-17 12:33:45,364 [9] INFO  Topshelf.Hosts.ConsoleRunHost [(null)] - The WinHA service has stopped.
